<?xml version="1.0" encoding="UTF-8"?>
<testng-results skipped="0" failed="1" ignored="0" total="3" passed="2">
  <reporter-output>
  </reporter-output>
  <suite name="Suite" duration-ms="74127" started-at="2018-07-17T06:00:13Z" finished-at="2018-07-17T06:01:27Z">
    <groups>
    </groups>
    <test name="Test1" duration-ms="26496" started-at="2018-07-17T06:00:13Z" finished-at="2018-07-17T06:00:40Z">
      <class name="com.testCase.crossBrowser">
        <test-method status="PASS" signature="configuration(java.lang.String, java.lang.String)[pri:0, instance:com.testCase.crossBrowser@c46bcd4]" name="configuration" is-config="true" duration-ms="17982" started-at="2018-07-17T06:00:13Z" finished-at="2018-07-17T06:00:31Z">
          <params>
            <param index="0">
              <value>
                <![CDATA[Firefox]]>
              </value>
            </param>
            <param index="1">
              <value>
                <![CDATA[https://unifyrqa.performancematters.com/landing.jsp]]>
              </value>
            </param>
          </params>
          <reporter-output>
          </reporter-output>
        </test-method> <!-- configuration -->
        <test-method status="PASS" signature="user_Loging()[pri:0, instance:com.testCase.crossBrowser@c46bcd4]" name="user_Loging" duration-ms="8487" started-at="2018-07-17T06:00:31Z" finished-at="2018-07-17T06:00:40Z">
          <reporter-output>
          </reporter-output>
        </test-method> <!-- user_Loging -->
      </class> <!-- com.testCase.crossBrowser -->
    </test> <!-- Test1 -->
    <test name="Test2" duration-ms="36625" started-at="2018-07-17T06:00:40Z" finished-at="2018-07-17T06:01:16Z">
      <class name="com.testCase.crossBrowser">
        <test-method status="PASS" signature="configuration(java.lang.String, java.lang.String)[pri:0, instance:com.testCase.crossBrowser@670b40af]" name="configuration" is-config="true" duration-ms="17122" started-at="2018-07-17T06:00:40Z" finished-at="2018-07-17T06:00:57Z">
          <params>
            <param index="0">
              <value>
                <![CDATA[Chrome]]>
              </value>
            </param>
            <param index="1">
              <value>
                <![CDATA[https://unifyrqa.performancematters.com/landing.jsp]]>
              </value>
            </param>
          </params>
          <reporter-output>
          </reporter-output>
        </test-method> <!-- configuration -->
        <test-method status="PASS" signature="user_Loging()[pri:0, instance:com.testCase.crossBrowser@670b40af]" name="user_Loging" duration-ms="19499" started-at="2018-07-17T06:00:57Z" finished-at="2018-07-17T06:01:16Z">
          <reporter-output>
          </reporter-output>
        </test-method> <!-- user_Loging -->
      </class> <!-- com.testCase.crossBrowser -->
    </test> <!-- Test2 -->
    <test name="Test3" duration-ms="10982" started-at="2018-07-17T06:01:16Z" finished-at="2018-07-17T06:01:27Z">
      <class name="com.testCase.crossBrowser">
        <test-method status="PASS" signature="configuration(java.lang.String, java.lang.String)[pri:0, instance:com.testCase.crossBrowser@262b2c86]" name="configuration" is-config="true" duration-ms="5894" started-at="2018-07-17T06:01:16Z" finished-at="2018-07-17T06:01:22Z">
          <params>
            <param index="0">
              <value>
                <![CDATA[IE]]>
              </value>
            </param>
            <param index="1">
              <value>
                <![CDATA[https://unifyrqa.performancematters.com/landing.jsp]]>
              </value>
            </param>
          </params>
          <reporter-output>
          </reporter-output>
        </test-method> <!-- configuration -->
        <test-method status="FAIL" signature="user_Loging()[pri:0, instance:com.testCase.crossBrowser@262b2c86]" name="user_Loging" duration-ms="5070" started-at="2018-07-17T06:01:22Z" finished-at="2018-07-17T06:01:27Z">
          <exception class="org.openqa.selenium.NoSuchElementException">
            <message>
              <![CDATA[Unable to find element with css selector == *[name='idp']
For documentation on this error, please visit: http://seleniumhq.org/exceptions/no_such_element.html
Build info: version: '3.13.0', revision: '2f0d292', time: '2018-06-25T15:32:19.891Z'
System info: host: 'TUSHAR_GOYAL', ip: '10.252.1.5', os.name: 'Windows 7', os.arch: 'amd64', os.version: '6.1', java.version: '1.8.0_172'
Driver info: org.openqa.selenium.ie.InternetExplorerDriver
Capabilities {acceptInsecureCerts: false, browserName: internet explorer, browserVersion: 11, javascriptEnabled: true, pageLoadStrategy: normal, platform: WINDOWS, platformName: WINDOWS, proxy: Proxy(), se:ieOptions: {browserAttachTimeout: 0, elementScrollBehavior: 0, enablePersistentHover: true, ie.browserCommandLineSwitches: , ie.ensureCleanSession: false, ie.fileUploadDialogTimeout: 3000, ie.forceCreateProcessApi: false, ignoreProtectedModeSettings: false, ignoreZoomSetting: false, initialBrowserUrl: http://localhost:42692/, nativeEvents: true, requireWindowFocus: false}, setWindowRect: true, timeouts: {implicit: 0, pageLoad: 300000, script: 30000}}
Session ID: a149cf80-c336-4de2-ae7f-854f14ca9842
*** Element info: {Using=name, value=idp}]]>
            </message>
            <full-stacktrace>
              <![CDATA[org.openqa.selenium.NoSuchElementException: Unable to find element with css selector == *[name='idp']
For documentation on this error, please visit: http://seleniumhq.org/exceptions/no_such_element.html
Build info: version: '3.13.0', revision: '2f0d292', time: '2018-06-25T15:32:19.891Z'
System info: host: 'TUSHAR_GOYAL', ip: '10.252.1.5', os.name: 'Windows 7', os.arch: 'amd64', os.version: '6.1', java.version: '1.8.0_172'
Driver info: org.openqa.selenium.ie.InternetExplorerDriver
Capabilities {acceptInsecureCerts: false, browserName: internet explorer, browserVersion: 11, javascriptEnabled: true, pageLoadStrategy: normal, platform: WINDOWS, platformName: WINDOWS, proxy: Proxy(), se:ieOptions: {browserAttachTimeout: 0, elementScrollBehavior: 0, enablePersistentHover: true, ie.browserCommandLineSwitches: , ie.ensureCleanSession: false, ie.fileUploadDialogTimeout: 3000, ie.forceCreateProcessApi: false, ignoreProtectedModeSettings: false, ignoreZoomSetting: false, initialBrowserUrl: http://localhost:42692/, nativeEvents: true, requireWindowFocus: false}, setWindowRect: true, timeouts: {implicit: 0, pageLoad: 300000, script: 30000}}
Session ID: a149cf80-c336-4de2-ae7f-854f14ca9842
*** Element info: {Using=name, value=idp}
at sun.reflect.NativeConstructorAccessorImpl.newInstance0(Native Method)
at sun.reflect.NativeConstructorAccessorImpl.newInstance(Unknown Source)
at sun.reflect.DelegatingConstructorAccessorImpl.newInstance(Unknown Source)
at java.lang.reflect.Constructor.newInstance(Unknown Source)
at org.openqa.selenium.remote.http.W3CHttpResponseCodec.createException(W3CHttpResponseCodec.java:187)
at org.openqa.selenium.remote.http.W3CHttpResponseCodec.decode(W3CHttpResponseCodec.java:122)
at org.openqa.selenium.remote.http.W3CHttpResponseCodec.decode(W3CHttpResponseCodec.java:49)
at org.openqa.selenium.remote.HttpCommandExecutor.execute(HttpCommandExecutor.java:158)
at org.openqa.selenium.remote.service.DriverCommandExecutor.execute(DriverCommandExecutor.java:83)
at org.openqa.selenium.remote.RemoteWebDriver.execute(RemoteWebDriver.java:548)
at org.openqa.selenium.remote.RemoteWebDriver.findElement(RemoteWebDriver.java:322)
at org.openqa.selenium.remote.RemoteWebDriver.findElementByName(RemoteWebDriver.java:400)
at org.openqa.selenium.By$ByName.findElement(By.java:284)
at org.openqa.selenium.remote.RemoteWebDriver.findElement(RemoteWebDriver.java:314)
at Package1.login_Different_Browser.Function_Dtext(login_Different_Browser.java:31)
at com.testCase.crossBrowser.user_Loging(crossBrowser.java:54)
at sun.reflect.NativeMethodAccessorImpl.invoke0(Native Method)
at sun.reflect.NativeMethodAccessorImpl.invoke(Unknown Source)
at sun.reflect.DelegatingMethodAccessorImpl.invoke(Unknown Source)
at java.lang.reflect.Method.invoke(Unknown Source)
at org.testng.internal.MethodInvocationHelper.invokeMethod(MethodInvocationHelper.java:124)
at org.testng.internal.Invoker.invokeMethod(Invoker.java:580)
at org.testng.internal.Invoker.invokeTestMethod(Invoker.java:716)
at org.testng.internal.Invoker.invokeTestMethods(Invoker.java:988)
at org.testng.internal.TestMethodWorker.invokeTestMethods(TestMethodWorker.java:125)
at org.testng.internal.TestMethodWorker.run(TestMethodWorker.java:109)
at java.util.concurrent.ThreadPoolExecutor.runWorker(Unknown Source)
at java.util.concurrent.ThreadPoolExecutor$Worker.run(Unknown Source)
at java.lang.Thread.run(Unknown Source)
]]>
            </full-stacktrace>
          </exception> <!-- org.openqa.selenium.NoSuchElementException -->
          <reporter-output>
          </reporter-output>
        </test-method> <!-- user_Loging -->
      </class> <!-- com.testCase.crossBrowser -->
    </test> <!-- Test3 -->
  </suite> <!-- Suite -->
</testng-results>
