<?xml version="1.0" encoding="UTF-8"?>
<testng-results skipped="0" failed="0" ignored="0" total="1" passed="1">
  <reporter-output>
  </reporter-output>
  <suite name="Default suite" duration-ms="62487" started-at="2018-07-17T11:59:19Z" finished-at="2018-07-17T12:00:22Z">
    <groups>
    </groups>
    <test name="Default test" duration-ms="62487" started-at="2018-07-17T11:59:19Z" finished-at="2018-07-17T12:00:22Z">
      <class name="PackageTest.TestingFile">
        <test-method status="PASS" signature="setup()[pri:0, instance:PackageTest.TestingFile@2b98378d]" name="setup" is-config="true" duration-ms="11977" started-at="2018-07-17T11:59:19Z" finished-at="2018-07-17T11:59:31Z">
          <reporter-output>
          </reporter-output>
        </test-method> <!-- setup -->
        <test-method status="PASS" signature="test1()[pri:0, instance:PackageTest.TestingFile@2b98378d]" name="test1" duration-ms="50474" started-at="2018-07-17T11:59:31Z" finished-at="2018-07-17T12:00:22Z">
          <reporter-output>
          </reporter-output>
        </test-method> <!-- test1 -->
      </class> <!-- PackageTest.TestingFile -->
    </test> <!-- Default test -->
  </suite> <!-- Default suite -->
</testng-results>
